2024-05-23 14:48:37,317 CRIT Supervisor is running as root.  Privileges were not dropped because no user is specified in the config file.  If you intend to run as root, you can set user=root in the config file to avoid this message.
2024-05-23 14:48:37,320 INFO supervisord started with pid 1
2024-05-23 14:48:38,322 INFO spawned: 'nginx' with pid 8
2024-05-23 14:48:38,325 INFO spawned: 'php-fpm' with pid 9
2024-05-23 14:48:38,356 INFO exited: php-fpm (exit status 78; not expected)
2024-05-23 14:48:39,359 INFO success: nginx entered RUNNING state, process has stayed up for > than 1 seconds (startsecs)
2024-05-23 14:48:39,372 INFO spawned: 'php-fpm' with pid 22
2024-05-23 14:48:39,392 INFO exited: php-fpm (exit status 78; not expected)
2024-05-23 14:48:41,395 INFO spawned: 'php-fpm' with pid 23
2024-05-23 14:48:41,414 INFO exited: php-fpm (exit status 78; not expected)
2024-05-23 14:48:44,420 INFO spawned: 'php-fpm' with pid 24
2024-05-23 14:48:44,440 INFO exited: php-fpm (exit status 78; not expected)
2024-05-23 14:48:45,442 INFO gave up: php-fpm entered FATAL state, too many start retries too quickly
2024-05-23 14:52:14,712 WARN received SIGTERM indicating exit request
2024-05-23 14:52:14,714 INFO waiting for nginx to die
2024-05-23 14:52:15,719 INFO stopped: nginx (exit status 0)
2024-05-23 14:52:16,460 CRIT Supervisor is running as root.  Privileges were not dropped because no user is specified in the config file.  If you intend to run as root, you can set user=root in the config file to avoid this message.
2024-05-23 14:52:16,463 INFO supervisord started with pid 1
2024-05-23 14:52:17,464 INFO spawned: 'nginx' with pid 8
2024-05-23 14:52:17,466 INFO spawned: 'php-fpm' with pid 9
2024-05-23 14:52:17,492 INFO exited: php-fpm (exit status 78; not expected)
2024-05-23 14:52:18,494 INFO success: nginx entered RUNNING state, process has stayed up for > than 1 seconds (startsecs)
2024-05-23 14:52:18,495 INFO spawned: 'php-fpm' with pid 22
2024-05-23 14:52:18,516 INFO exited: php-fpm (exit status 78; not expected)
2024-05-23 14:52:20,520 INFO spawned: 'php-fpm' with pid 23
2024-05-23 14:52:20,539 INFO exited: php-fpm (exit status 78; not expected)
2024-05-23 14:52:23,545 INFO spawned: 'php-fpm' with pid 24
2024-05-23 14:52:23,568 INFO exited: php-fpm (exit status 78; not expected)
2024-05-23 14:52:24,570 INFO gave up: php-fpm entered FATAL state, too many start retries too quickly
2024-05-23 14:53:47,676 WARN received SIGTERM indicating exit request
2024-05-23 14:53:47,678 INFO waiting for nginx to die
2024-05-23 14:53:48,691 INFO stopped: nginx (exit status 0)
2024-05-23 14:53:49,420 CRIT Supervisor is running as root.  Privileges were not dropped because no user is specified in the config file.  If you intend to run as root, you can set user=root in the config file to avoid this message.
2024-05-23 14:53:49,423 INFO supervisord started with pid 1
2024-05-23 14:53:50,427 INFO spawned: 'nginx' with pid 8
2024-05-23 14:53:50,430 INFO spawned: 'php-fpm' with pid 9
2024-05-23 14:53:50,454 INFO exited: php-fpm (exit status 78; not expected)
2024-05-23 14:53:51,455 INFO success: nginx entered RUNNING state, process has stayed up for > than 1 seconds (startsecs)
2024-05-23 14:53:51,458 INFO spawned: 'php-fpm' with pid 22
2024-05-23 14:53:51,479 INFO exited: php-fpm (exit status 78; not expected)
2024-05-23 14:53:53,483 INFO spawned: 'php-fpm' with pid 23
2024-05-23 14:53:53,505 INFO exited: php-fpm (exit status 78; not expected)
2024-05-23 14:53:56,513 INFO spawned: 'php-fpm' with pid 24
2024-05-23 14:53:56,535 INFO exited: php-fpm (exit status 78; not expected)
2024-05-23 14:53:57,537 INFO gave up: php-fpm entered FATAL state, too many start retries too quickly
2024-05-23 14:55:37,668 WARN received SIGTERM indicating exit request
2024-05-23 14:55:37,668 INFO waiting for nginx to die
2024-05-23 14:55:38,678 INFO stopped: nginx (exit status 0)
2024-05-23 14:55:53,267 CRIT Supervisor is running as root.  Privileges were not dropped because no user is specified in the config file.  If you intend to run as root, you can set user=root in the config file to avoid this message.
2024-05-23 14:55:53,272 INFO supervisord started with pid 1
2024-05-23 14:55:54,274 INFO spawned: 'nginx' with pid 8
2024-05-23 14:55:54,276 INFO spawned: 'php-fpm' with pid 9
2024-05-23 14:55:54,300 INFO exited: php-fpm (exit status 78; not expected)
2024-05-23 14:55:55,302 INFO success: nginx entered RUNNING state, process has stayed up for > than 1 seconds (startsecs)
2024-05-23 14:55:55,304 INFO spawned: 'php-fpm' with pid 22
2024-05-23 14:55:55,324 INFO exited: php-fpm (exit status 78; not expected)
2024-05-23 14:55:57,328 INFO spawned: 'php-fpm' with pid 23
2024-05-23 14:55:57,348 INFO exited: php-fpm (exit status 78; not expected)
2024-05-23 14:56:00,356 INFO spawned: 'php-fpm' with pid 24
2024-05-23 14:56:00,378 INFO exited: php-fpm (exit status 78; not expected)
2024-05-23 14:56:01,379 INFO gave up: php-fpm entered FATAL state, too many start retries too quickly
2024-05-23 14:58:49,590 WARN received SIGTERM indicating exit request
2024-05-23 14:58:49,591 INFO waiting for nginx to die
2024-05-23 14:58:50,604 INFO stopped: nginx (exit status 0)
2024-05-23 14:58:51,284 CRIT Supervisor is running as root.  Privileges were not dropped because no user is specified in the config file.  If you intend to run as root, you can set user=root in the config file to avoid this message.
2024-05-23 14:58:51,287 INFO supervisord started with pid 1
2024-05-23 14:58:52,290 INFO spawned: 'nginx' with pid 8
2024-05-23 14:58:52,291 INFO spawnerr: can't find command '/usr/sbin/php8.2-fpm'
2024-05-23 14:58:53,302 INFO success: nginx entered RUNNING state, process has stayed up for > than 1 seconds (startsecs)
2024-05-23 14:58:53,302 INFO spawnerr: can't find command '/usr/sbin/php8.2-fpm'
2024-05-23 14:58:55,305 INFO spawnerr: can't find command '/usr/sbin/php8.2-fpm'
2024-05-23 14:58:58,309 INFO spawnerr: can't find command '/usr/sbin/php8.2-fpm'
2024-05-23 14:58:58,310 INFO gave up: php-fpm entered FATAL state, too many start retries too quickly
2024-05-23 19:57:04,211 CRIT Supervisor is running as root.  Privileges were not dropped because no user is specified in the config file.  If you intend to run as root, you can set user=root in the config file to avoid this message.
2024-05-23 19:57:04,216 INFO supervisord started with pid 1
2024-05-23 19:57:05,218 INFO spawned: 'nginx' with pid 8
2024-05-23 19:57:05,219 INFO spawnerr: can't find command '/usr/sbin/php8.2-fpm'
2024-05-23 19:57:06,259 INFO success: nginx entered RUNNING state, process has stayed up for > than 1 seconds (startsecs)
2024-05-23 19:57:06,259 INFO spawnerr: can't find command '/usr/sbin/php8.2-fpm'
2024-05-23 19:57:08,262 INFO spawnerr: can't find command '/usr/sbin/php8.2-fpm'
2024-05-23 19:57:11,266 INFO spawnerr: can't find command '/usr/sbin/php8.2-fpm'
2024-05-23 19:57:11,266 INFO gave up: php-fpm entered FATAL state, too many start retries too quickly
2024-05-23 19:58:45,375 WARN received SIGTERM indicating exit request
2024-05-23 19:58:45,376 INFO waiting for nginx to die
2024-05-23 19:58:46,404 INFO stopped: nginx (exit status 0)
2024-05-23 19:59:42,945 CRIT Supervisor is running as root.  Privileges were not dropped because no user is specified in the config file.  If you intend to run as root, you can set user=root in the config file to avoid this message.
2024-05-23 19:59:42,950 INFO supervisord started with pid 1
2024-05-23 19:59:43,953 INFO spawned: 'nginx' with pid 8
2024-05-23 19:59:43,956 INFO spawnerr: can't find command '/usr/sbin/php8.2-fpm'
2024-05-23 19:59:44,976 INFO success: nginx entered RUNNING state, process has stayed up for > than 1 seconds (startsecs)
2024-05-23 19:59:44,977 INFO spawnerr: can't find command '/usr/sbin/php8.2-fpm'
2024-05-23 19:59:46,980 INFO spawnerr: can't find command '/usr/sbin/php8.2-fpm'
2024-05-23 19:59:49,985 INFO spawnerr: can't find command '/usr/sbin/php8.2-fpm'
2024-05-23 19:59:49,985 INFO gave up: php-fpm entered FATAL state, too many start retries too quickly
2024-05-23 20:10:22,752 INFO reaped unknown pid 45
2024-05-23 20:33:17,488 INFO reaped unknown pid 389
2024-05-23 20:38:07,850 WARN received SIGTERM indicating exit request
2024-05-23 20:38:07,851 INFO waiting for nginx to die
2024-05-23 20:38:08,859 INFO stopped: nginx (exit status 0)
2024-05-23 20:40:39,202 CRIT Supervisor is running as root.  Privileges were not dropped because no user is specified in the config file.  If you intend to run as root, you can set user=root in the config file to avoid this message.
2024-05-23 20:40:39,205 INFO supervisord started with pid 1
2024-05-23 20:40:40,207 INFO spawned: 'nginx' with pid 9
2024-05-23 20:40:40,208 INFO spawnerr: can't find command '/usr/sbin/php8.2-fpm'
2024-05-23 20:40:41,218 INFO success: nginx entered RUNNING state, process has stayed up for > than 1 seconds (startsecs)
2024-05-23 20:40:41,219 INFO spawnerr: can't find command '/usr/sbin/php8.2-fpm'
2024-05-23 20:40:43,222 INFO spawnerr: can't find command '/usr/sbin/php8.2-fpm'
2024-05-23 20:40:46,227 INFO spawnerr: can't find command '/usr/sbin/php8.2-fpm'
2024-05-23 20:40:46,228 INFO gave up: php-fpm entered FATAL state, too many start retries too quickly
2024-05-23 20:53:02,086 WARN received SIGTERM indicating exit request
2024-05-23 20:53:02,086 INFO waiting for nginx to die
2024-05-23 20:53:03,089 INFO stopped: nginx (exit status 0)
2024-05-23 20:55:07,112 CRIT Supervisor is running as root.  Privileges were not dropped because no user is specified in the config file.  If you intend to run as root, you can set user=root in the config file to avoid this message.
2024-05-23 20:55:07,115 INFO supervisord started with pid 1
2024-05-23 20:55:08,117 INFO spawned: 'nginx' with pid 8
2024-05-23 20:55:08,117 INFO spawnerr: can't find command '/usr/sbin/php8.2-fpm'
2024-05-23 20:55:09,125 INFO success: nginx entered RUNNING state, process has stayed up for > than 1 seconds (startsecs)
2024-05-23 20:55:09,126 INFO spawnerr: can't find command '/usr/sbin/php8.2-fpm'
2024-05-23 20:55:11,129 INFO spawnerr: can't find command '/usr/sbin/php8.2-fpm'
2024-05-23 20:55:14,133 INFO spawnerr: can't find command '/usr/sbin/php8.2-fpm'
2024-05-23 20:55:14,133 INFO gave up: php-fpm entered FATAL state, too many start retries too quickly
2024-05-23 21:04:48,883 INFO reaped unknown pid 331
2024-05-23 21:05:48,968 INFO reaped unknown pid 344
2024-05-23 21:09:40,254 INFO reaped unknown pid 454
2024-05-23 21:11:40,391 INFO reaped unknown pid 565
2024-05-23 21:14:17,575 INFO reaped unknown pid 603
2024-05-23 21:15:11,644 INFO reaped unknown pid 524
2024-05-23 21:15:56,695 INFO reaped unknown pid 735
2024-05-23 21:16:04,704 INFO reaped unknown pid 647
2024-05-24 08:24:47,812 CRIT Supervisor is running as root.  Privileges were not dropped because no user is specified in the config file.  If you intend to run as root, you can set user=root in the config file to avoid this message.
2024-05-24 08:24:47,816 INFO supervisord started with pid 1
2024-05-24 08:24:48,818 INFO spawned: 'nginx' with pid 9
2024-05-24 08:24:48,818 INFO spawnerr: can't find command '/usr/sbin/php8.2-fpm'
2024-05-24 08:24:49,860 INFO success: nginx entered RUNNING state, process has stayed up for > than 1 seconds (startsecs)
2024-05-24 08:24:49,861 INFO spawnerr: can't find command '/usr/sbin/php8.2-fpm'
2024-05-24 08:24:51,863 INFO spawnerr: can't find command '/usr/sbin/php8.2-fpm'
2024-05-24 08:24:54,867 INFO spawnerr: can't find command '/usr/sbin/php8.2-fpm'
2024-05-24 08:24:54,868 INFO gave up: php-fpm entered FATAL state, too many start retries too quickly
2024-05-24 08:30:26,269 WARN received SIGTERM indicating exit request
2024-05-24 08:30:26,270 INFO waiting for nginx to die
2024-05-24 08:30:27,291 INFO stopped: nginx (exit status 0)
2024-05-24 08:36:18,629 CRIT Supervisor is running as root.  Privileges were not dropped because no user is specified in the config file.  If you intend to run as root, you can set user=root in the config file to avoid this message.
2024-05-24 08:36:18,632 INFO supervisord started with pid 1
2024-05-24 08:36:19,634 INFO spawned: 'nginx' with pid 8
2024-05-24 08:36:19,635 INFO spawnerr: can't find command '/usr/sbin/php8.2-fpm'
2024-05-24 08:36:20,642 INFO success: nginx entered RUNNING state, process has stayed up for > than 1 seconds (startsecs)
2024-05-24 08:36:20,643 INFO spawnerr: can't find command '/usr/sbin/php8.2-fpm'
2024-05-24 08:36:22,646 INFO spawnerr: can't find command '/usr/sbin/php8.2-fpm'
2024-05-24 08:36:25,651 INFO spawnerr: can't find command '/usr/sbin/php8.2-fpm'
2024-05-24 08:36:25,651 INFO gave up: php-fpm entered FATAL state, too many start retries too quickly
2024-05-24 08:41:41,028 WARN received SIGTERM indicating exit request
2024-05-24 08:41:41,029 INFO waiting for nginx to die
2024-05-24 08:41:42,038 INFO stopped: nginx (exit status 0)
2024-05-24 08:42:00,491 CRIT Supervisor is running as root.  Privileges were not dropped because no user is specified in the config file.  If you intend to run as root, you can set user=root in the config file to avoid this message.
2024-05-24 08:42:00,495 INFO supervisord started with pid 1
2024-05-24 08:42:01,497 INFO spawned: 'nginx' with pid 8
2024-05-24 08:42:01,497 INFO spawnerr: can't find command '/usr/sbin/php8.2-fpm'
2024-05-24 08:42:02,517 INFO success: nginx entered RUNNING state, process has stayed up for > than 1 seconds (startsecs)
2024-05-24 08:42:02,518 INFO spawnerr: can't find command '/usr/sbin/php8.2-fpm'
2024-05-24 08:42:04,521 INFO spawnerr: can't find command '/usr/sbin/php8.2-fpm'
2024-05-24 08:42:07,525 INFO spawnerr: can't find command '/usr/sbin/php8.2-fpm'
2024-05-24 08:42:07,526 INFO gave up: php-fpm entered FATAL state, too many start retries too quickly
2024-05-24 08:42:29,551 WARN received SIGTERM indicating exit request
2024-05-24 08:42:29,551 INFO waiting for nginx to die
2024-05-24 08:42:30,555 INFO stopped: nginx (exit status 0)
2024-05-24 08:42:36,072 CRIT Supervisor is running as root.  Privileges were not dropped because no user is specified in the config file.  If you intend to run as root, you can set user=root in the config file to avoid this message.
2024-05-24 08:42:36,075 INFO supervisord started with pid 1
2024-05-24 08:42:37,079 INFO spawned: 'nginx' with pid 8
2024-05-24 08:42:37,081 INFO spawnerr: can't find command '/usr/sbin/php8.2-fpm'
2024-05-24 08:42:38,090 INFO success: nginx entered RUNNING state, process has stayed up for > than 1 seconds (startsecs)
2024-05-24 08:42:38,091 INFO spawnerr: can't find command '/usr/sbin/php8.2-fpm'
2024-05-24 08:42:40,094 INFO spawnerr: can't find command '/usr/sbin/php8.2-fpm'
2024-05-24 08:42:43,098 INFO spawnerr: can't find command '/usr/sbin/php8.2-fpm'
2024-05-24 08:42:43,099 INFO gave up: php-fpm entered FATAL state, too many start retries too quickly
2024-05-24 08:49:34,580 WARN received SIGTERM indicating exit request
2024-05-24 08:49:34,580 INFO waiting for nginx to die
2024-05-24 08:49:35,585 INFO stopped: nginx (exit status 0)
2024-05-24 08:49:52,554 CRIT Supervisor is running as root.  Privileges were not dropped because no user is specified in the config file.  If you intend to run as root, you can set user=root in the config file to avoid this message.
2024-05-24 08:49:52,558 INFO supervisord started with pid 1
2024-05-24 08:49:53,560 INFO spawned: 'nginx' with pid 8
2024-05-24 08:49:53,561 INFO spawnerr: can't find command '/usr/sbin/php8.2-fpm'
2024-05-24 08:49:54,572 INFO success: nginx entered RUNNING state, process has stayed up for > than 1 seconds (startsecs)
2024-05-24 08:49:54,573 INFO spawnerr: can't find command '/usr/sbin/php8.2-fpm'
2024-05-24 08:49:56,575 INFO spawnerr: can't find command '/usr/sbin/php8.2-fpm'
2024-05-24 08:49:56,575 WARN received SIGTERM indicating exit request
2024-05-24 08:49:56,576 INFO waiting for nginx to die
2024-05-24 08:49:57,579 INFO stopped: nginx (exit status 0)
2024-05-24 08:50:04,164 CRIT Supervisor is running as root.  Privileges were not dropped because no user is specified in the config file.  If you intend to run as root, you can set user=root in the config file to avoid this message.
2024-05-24 08:50:04,167 INFO supervisord started with pid 1
2024-05-24 08:50:05,169 INFO spawned: 'nginx' with pid 8
2024-05-24 08:50:05,170 INFO spawnerr: can't find command '/usr/sbin/php8.2-fpm'
2024-05-24 08:50:06,179 INFO success: nginx entered RUNNING state, process has stayed up for > than 1 seconds (startsecs)
2024-05-24 08:50:06,179 INFO spawnerr: can't find command '/usr/sbin/php8.2-fpm'
2024-05-24 08:50:08,182 INFO spawnerr: can't find command '/usr/sbin/php8.2-fpm'
2024-05-24 08:50:11,187 INFO spawnerr: can't find command '/usr/sbin/php8.2-fpm'
2024-05-24 08:50:11,188 INFO gave up: php-fpm entered FATAL state, too many start retries too quickly
2024-05-24 19:08:46,665 CRIT Supervisor is running as root.  Privileges were not dropped because no user is specified in the config file.  If you intend to run as root, you can set user=root in the config file to avoid this message.
2024-05-24 19:08:46,674 INFO supervisord started with pid 1
2024-05-24 19:08:47,676 INFO spawned: 'nginx' with pid 8
2024-05-24 19:08:47,676 INFO spawnerr: can't find command '/usr/sbin/php8.2-fpm'
2024-05-24 19:08:48,724 INFO success: nginx entered RUNNING state, process has stayed up for > than 1 seconds (startsecs)
2024-05-24 19:08:48,725 INFO spawnerr: can't find command '/usr/sbin/php8.2-fpm'
2024-05-24 19:08:50,727 INFO spawnerr: can't find command '/usr/sbin/php8.2-fpm'
2024-05-24 19:08:53,731 INFO spawnerr: can't find command '/usr/sbin/php8.2-fpm'
2024-05-24 19:08:53,732 INFO gave up: php-fpm entered FATAL state, too many start retries too quickly
2024-05-24 19:10:13,828 WARN received SIGTERM indicating exit request
2024-05-24 19:10:13,829 INFO waiting for nginx to die
2024-05-24 19:10:14,849 INFO stopped: nginx (exit status 0)
2024-05-24 19:10:56,429 CRIT Supervisor is running as root.  Privileges were not dropped because no user is specified in the config file.  If you intend to run as root, you can set user=root in the config file to avoid this message.
2024-05-24 19:10:56,432 INFO supervisord started with pid 1
2024-05-24 19:10:57,434 INFO spawned: 'nginx' with pid 8
2024-05-24 19:10:57,435 INFO spawnerr: can't find command '/usr/sbin/php8.2-fpm'
2024-05-24 19:10:58,442 INFO success: nginx entered RUNNING state, process has stayed up for > than 1 seconds (startsecs)
2024-05-24 19:10:58,443 INFO spawnerr: can't find command '/usr/sbin/php8.2-fpm'
2024-05-24 19:11:00,445 INFO spawnerr: can't find command '/usr/sbin/php8.2-fpm'
2024-05-24 19:11:03,450 INFO spawnerr: can't find command '/usr/sbin/php8.2-fpm'
2024-05-24 19:11:03,451 INFO gave up: php-fpm entered FATAL state, too many start retries too quickly
2024-05-24 19:12:48,584 WARN received SIGTERM indicating exit request
2024-05-24 19:12:48,584 INFO waiting for nginx to die
2024-05-24 19:12:49,589 INFO stopped: nginx (exit status 0)
2024-05-25 08:24:34,368 CRIT Supervisor is running as root.  Privileges were not dropped because no user is specified in the config file.  If you intend to run as root, you can set user=root in the config file to avoid this message.
2024-05-25 08:24:34,371 INFO supervisord started with pid 1
2024-05-25 08:24:35,374 INFO spawned: 'nginx' with pid 8
2024-05-25 08:24:35,374 INFO spawnerr: can't find command '/usr/sbin/php8.2-fpm'
2024-05-25 08:24:36,383 INFO success: nginx entered RUNNING state, process has stayed up for > than 1 seconds (startsecs)
2024-05-25 08:24:36,384 INFO spawnerr: can't find command '/usr/sbin/php8.2-fpm'
2024-05-25 08:24:38,387 INFO spawnerr: can't find command '/usr/sbin/php8.2-fpm'
2024-05-25 08:24:41,390 INFO spawnerr: can't find command '/usr/sbin/php8.2-fpm'
2024-05-25 08:24:41,391 INFO gave up: php-fpm entered FATAL state, too many start retries too quickly
2024-05-25 08:39:30,365 WARN received SIGTERM indicating exit request
2024-05-25 08:39:30,366 INFO waiting for nginx to die
2024-05-25 08:39:31,369 INFO stopped: nginx (exit status 0)
2024-05-25 08:39:54,557 CRIT Supervisor is running as root.  Privileges were not dropped because no user is specified in the config file.  If you intend to run as root, you can set user=root in the config file to avoid this message.
2024-05-25 08:39:54,560 INFO supervisord started with pid 1
2024-05-25 08:39:55,562 INFO spawned: 'nginx' with pid 8
2024-05-25 08:39:55,563 INFO spawnerr: can't find command '/usr/sbin/php8.2-fpm'
2024-05-25 08:39:56,572 INFO success: nginx entered RUNNING state, process has stayed up for > than 1 seconds (startsecs)
2024-05-25 08:39:56,572 INFO spawnerr: can't find command '/usr/sbin/php8.2-fpm'
2024-05-25 08:39:58,575 INFO spawnerr: can't find command '/usr/sbin/php8.2-fpm'
2024-05-25 08:40:01,578 INFO spawnerr: can't find command '/usr/sbin/php8.2-fpm'
2024-05-25 08:40:01,579 INFO gave up: php-fpm entered FATAL state, too many start retries too quickly
2024-05-25 08:50:27,266 WARN received SIGTERM indicating exit request
2024-05-25 08:50:27,266 INFO waiting for nginx to die
2024-05-25 08:50:28,271 INFO stopped: nginx (exit status 0)
2024-05-25 08:50:28,998 CRIT Supervisor is running as root.  Privileges were not dropped because no user is specified in the config file.  If you intend to run as root, you can set user=root in the config file to avoid this message.
2024-05-25 08:50:29,002 INFO supervisord started with pid 1
2024-05-25 08:50:30,004 INFO spawned: 'nginx' with pid 8
2024-05-25 08:50:30,004 INFO spawnerr: can't find command '/usr/sbin/php8.2-fpm'
2024-05-25 08:50:31,014 INFO success: nginx entered RUNNING state, process has stayed up for > than 1 seconds (startsecs)
2024-05-25 08:50:31,014 INFO spawnerr: can't find command '/usr/sbin/php8.2-fpm'
2024-05-25 08:50:33,017 INFO spawnerr: can't find command '/usr/sbin/php8.2-fpm'
2024-05-25 08:50:36,020 INFO spawnerr: can't find command '/usr/sbin/php8.2-fpm'
2024-05-25 08:50:36,021 INFO gave up: php-fpm entered FATAL state, too many start retries too quickly
2024-05-25 08:57:07,448 WARN received SIGTERM indicating exit request
2024-05-25 08:57:07,448 INFO waiting for nginx to die
2024-05-25 08:57:08,452 INFO stopped: nginx (exit status 0)
2024-05-25 09:22:30,308 CRIT Supervisor is running as root.  Privileges were not dropped because no user is specified in the config file.  If you intend to run as root, you can set user=root in the config file to avoid this message.
2024-05-25 09:22:30,313 INFO supervisord started with pid 1
2024-05-25 09:22:31,315 INFO spawned: 'nginx' with pid 9
2024-05-25 09:22:31,316 INFO spawnerr: can't find command '/usr/sbin/php8.2-fpm'
2024-05-25 09:22:32,325 INFO success: nginx entered RUNNING state, process has stayed up for > than 1 seconds (startsecs)
2024-05-25 09:22:32,325 INFO spawnerr: can't find command '/usr/sbin/php8.2-fpm'
2024-05-25 09:22:34,329 INFO spawnerr: can't find command '/usr/sbin/php8.2-fpm'
2024-05-25 09:22:37,333 INFO spawnerr: can't find command '/usr/sbin/php8.2-fpm'
2024-05-25 09:22:37,334 INFO gave up: php-fpm entered FATAL state, too many start retries too quickly
2024-05-25 09:28:42,773 WARN received SIGTERM indicating exit request
2024-05-25 09:28:42,775 INFO waiting for nginx to die
2024-05-25 09:28:43,780 INFO stopped: nginx (exit status 0)
2024-05-25 09:28:55,422 CRIT Supervisor is running as root.  Privileges were not dropped because no user is specified in the config file.  If you intend to run as root, you can set user=root in the config file to avoid this message.
2024-05-25 09:28:55,425 INFO supervisord started with pid 1
2024-05-25 09:28:56,429 INFO spawned: 'nginx' with pid 8
2024-05-25 09:28:56,431 INFO spawnerr: can't find command '/usr/sbin/php8.2-fpm'
2024-05-25 09:28:57,441 INFO success: nginx entered RUNNING state, process has stayed up for > than 1 seconds (startsecs)
2024-05-25 09:28:57,442 INFO spawnerr: can't find command '/usr/sbin/php8.2-fpm'
2024-05-25 09:28:59,446 INFO spawnerr: can't find command '/usr/sbin/php8.2-fpm'
2024-05-25 09:29:02,450 INFO spawnerr: can't find command '/usr/sbin/php8.2-fpm'
2024-05-25 09:29:02,451 INFO gave up: php-fpm entered FATAL state, too many start retries too quickly
2024-05-25 09:32:27,706 WARN received SIGTERM indicating exit request
2024-05-25 09:32:27,707 INFO waiting for nginx to die
2024-05-25 09:32:28,712 INFO stopped: nginx (exit status 0)
2024-05-25 09:32:32,843 CRIT Supervisor is running as root.  Privileges were not dropped because no user is specified in the config file.  If you intend to run as root, you can set user=root in the config file to avoid this message.
2024-05-25 09:32:32,846 INFO supervisord started with pid 1
2024-05-25 09:32:33,848 INFO spawned: 'nginx' with pid 8
2024-05-25 09:32:33,849 INFO spawnerr: can't find command '/usr/sbin/php8.2-fpm'
2024-05-25 09:32:34,858 INFO success: nginx entered RUNNING state, process has stayed up for > than 1 seconds (startsecs)
2024-05-25 09:32:34,858 INFO spawnerr: can't find command '/usr/sbin/php8.2-fpm'
2024-05-25 09:32:36,862 INFO spawnerr: can't find command '/usr/sbin/php8.2-fpm'
2024-05-25 09:32:39,867 INFO spawnerr: can't find command '/usr/sbin/php8.2-fpm'
2024-05-25 09:32:39,867 INFO gave up: php-fpm entered FATAL state, too many start retries too quickly
2024-05-25 09:33:57,963 WARN received SIGTERM indicating exit request
2024-05-25 09:33:57,964 INFO waiting for nginx to die
2024-05-25 09:33:58,976 INFO stopped: nginx (exit status 0)
2024-05-25 09:33:59,695 CRIT Supervisor is running as root.  Privileges were not dropped because no user is specified in the config file.  If you intend to run as root, you can set user=root in the config file to avoid this message.
2024-05-25 09:33:59,700 INFO supervisord started with pid 1
2024-05-25 09:34:00,704 INFO spawned: 'nginx' with pid 8
2024-05-25 09:34:00,706 INFO spawnerr: can't find command '/usr/sbin/php8.2-fpm'
2024-05-25 09:34:01,719 INFO success: nginx entered RUNNING state, process has stayed up for > than 1 seconds (startsecs)
2024-05-25 09:34:01,722 INFO spawnerr: can't find command '/usr/sbin/php8.2-fpm'
2024-05-25 09:34:03,726 INFO spawnerr: can't find command '/usr/sbin/php8.2-fpm'
2024-05-25 09:34:06,730 INFO spawnerr: can't find command '/usr/sbin/php8.2-fpm'
2024-05-25 09:34:06,730 INFO gave up: php-fpm entered FATAL state, too many start retries too quickly
2024-05-25 09:37:40,995 WARN received SIGTERM indicating exit request
2024-05-25 09:37:40,996 INFO waiting for nginx to die
2024-05-25 09:37:42,007 INFO stopped: nginx (exit status 0)
2024-05-25 09:37:42,770 CRIT Supervisor is running as root.  Privileges were not dropped because no user is specified in the config file.  If you intend to run as root, you can set user=root in the config file to avoid this message.
2024-05-25 09:37:42,773 INFO supervisord started with pid 1
2024-05-25 09:37:43,775 INFO spawned: 'nginx' with pid 8
2024-05-25 09:37:43,776 INFO spawnerr: can't find command '/usr/sbin/php8.2-fpm'
2024-05-25 09:37:44,785 INFO success: nginx entered RUNNING state, process has stayed up for > than 1 seconds (startsecs)
2024-05-25 09:37:44,785 INFO spawnerr: can't find command '/usr/sbin/php8.2-fpm'
2024-05-25 09:37:46,786 INFO spawnerr: can't find command '/usr/sbin/php8.2-fpm'
2024-05-25 09:37:49,789 INFO spawnerr: can't find command '/usr/sbin/php8.2-fpm'
2024-05-25 09:37:49,789 INFO gave up: php-fpm entered FATAL state, too many start retries too quickly
2024-05-25 13:19:55,869 CRIT Supervisor is running as root.  Privileges were not dropped because no user is specified in the config file.  If you intend to run as root, you can set user=root in the config file to avoid this message.
2024-05-25 13:19:55,874 INFO supervisord started with pid 1
2024-05-25 13:19:56,875 INFO spawned: 'nginx' with pid 8
2024-05-25 13:19:56,876 INFO spawnerr: can't find command '/usr/sbin/php8.2-fpm'
2024-05-25 13:19:57,914 INFO success: nginx entered RUNNING state, process has stayed up for > than 1 seconds (startsecs)
2024-05-25 13:19:57,915 INFO spawnerr: can't find command '/usr/sbin/php8.2-fpm'
2024-05-25 13:19:59,917 INFO spawnerr: can't find command '/usr/sbin/php8.2-fpm'
2024-05-25 13:20:02,921 INFO spawnerr: can't find command '/usr/sbin/php8.2-fpm'
2024-05-25 13:20:02,921 INFO gave up: php-fpm entered FATAL state, too many start retries too quickly
2024-05-25 15:05:32,271 CRIT Supervisor is running as root.  Privileges were not dropped because no user is specified in the config file.  If you intend to run as root, you can set user=root in the config file to avoid this message.
2024-05-25 15:05:32,276 INFO supervisord started with pid 1
2024-05-25 15:05:33,278 INFO spawned: 'nginx' with pid 8
2024-05-25 15:05:33,278 INFO spawnerr: can't find command '/usr/sbin/php8.2-fpm'
2024-05-25 15:05:34,361 INFO success: nginx entered RUNNING state, process has stayed up for > than 1 seconds (startsecs)
2024-05-25 15:05:34,362 INFO spawnerr: can't find command '/usr/sbin/php8.2-fpm'
2024-05-25 15:05:36,364 INFO spawnerr: can't find command '/usr/sbin/php8.2-fpm'
2024-05-25 15:05:39,368 INFO spawnerr: can't find command '/usr/sbin/php8.2-fpm'
2024-05-25 15:05:39,368 INFO gave up: php-fpm entered FATAL state, too many start retries too quickly
2024-05-26 08:26:53,436 CRIT Supervisor is running as root.  Privileges were not dropped because no user is specified in the config file.  If you intend to run as root, you can set user=root in the config file to avoid this message.
2024-05-26 08:26:53,440 INFO supervisord started with pid 1
2024-05-26 08:26:54,441 INFO spawned: 'nginx' with pid 8
2024-05-26 08:26:54,442 INFO spawnerr: can't find command '/usr/sbin/php8.2-fpm'
2024-05-26 08:26:55,488 INFO success: nginx entered RUNNING state, process has stayed up for > than 1 seconds (startsecs)
2024-05-26 08:26:55,488 INFO spawnerr: can't find command '/usr/sbin/php8.2-fpm'
2024-05-26 08:26:57,491 INFO spawnerr: can't find command '/usr/sbin/php8.2-fpm'
2024-05-26 08:27:00,495 INFO spawnerr: can't find command '/usr/sbin/php8.2-fpm'
2024-05-26 08:27:00,495 INFO gave up: php-fpm entered FATAL state, too many start retries too quickly
2024-05-26 11:47:05,592 CRIT Supervisor is running as root.  Privileges were not dropped because no user is specified in the config file.  If you intend to run as root, you can set user=root in the config file to avoid this message.
2024-05-26 11:47:05,597 INFO supervisord started with pid 1
2024-05-26 11:47:06,599 INFO spawned: 'nginx' with pid 8
2024-05-26 11:47:06,600 INFO spawnerr: can't find command '/usr/sbin/php8.2-fpm'
2024-05-26 11:47:07,653 INFO success: nginx entered RUNNING state, process has stayed up for > than 1 seconds (startsecs)
2024-05-26 11:47:07,654 INFO spawnerr: can't find command '/usr/sbin/php8.2-fpm'
2024-05-26 11:47:09,656 INFO spawnerr: can't find command '/usr/sbin/php8.2-fpm'
2024-05-26 11:47:12,660 INFO spawnerr: can't find command '/usr/sbin/php8.2-fpm'
2024-05-26 11:47:12,661 INFO gave up: php-fpm entered FATAL state, too many start retries too quickly
2024-05-26 12:59:10,415 WARN received SIGTERM indicating exit request
2024-05-26 12:59:10,415 INFO waiting for nginx to die
2024-05-26 12:59:11,440 INFO stopped: nginx (exit status 0)
2024-05-26 13:19:14,867 CRIT Supervisor is running as root.  Privileges were not dropped because no user is specified in the config file.  If you intend to run as root, you can set user=root in the config file to avoid this message.
2024-05-26 13:19:14,871 INFO supervisord started with pid 1
2024-05-26 13:19:15,873 INFO spawned: 'nginx' with pid 8
2024-05-26 13:19:15,874 INFO spawnerr: can't find command '/usr/sbin/php8.2-fpm'
2024-05-26 13:19:16,933 INFO success: nginx entered RUNNING state, process has stayed up for > than 1 seconds (startsecs)
2024-05-26 13:19:16,933 INFO spawnerr: can't find command '/usr/sbin/php8.2-fpm'
2024-05-26 13:19:18,936 INFO spawnerr: can't find command '/usr/sbin/php8.2-fpm'
2024-05-26 13:19:21,940 INFO spawnerr: can't find command '/usr/sbin/php8.2-fpm'
2024-05-26 13:19:21,940 INFO gave up: php-fpm entered FATAL state, too many start retries too quickly
2024-05-26 14:01:47,970 INFO reaped unknown pid 66
2024-05-26 14:02:21,006 INFO reaped unknown pid 67
2024-05-27 13:06:20,665 CRIT Supervisor is running as root.  Privileges were not dropped because no user is specified in the config file.  If you intend to run as root, you can set user=root in the config file to avoid this message.
2024-05-27 13:06:20,670 INFO supervisord started with pid 1
2024-05-27 13:06:21,672 INFO spawned: 'nginx' with pid 8
2024-05-27 13:06:21,673 INFO spawnerr: can't find command '/usr/sbin/php8.2-fpm'
2024-05-27 13:06:22,715 INFO success: nginx entered RUNNING state, process has stayed up for > than 1 seconds (startsecs)
2024-05-27 13:06:22,716 INFO spawnerr: can't find command '/usr/sbin/php8.2-fpm'
2024-05-27 13:06:24,720 INFO spawnerr: can't find command '/usr/sbin/php8.2-fpm'
2024-05-27 13:06:27,726 INFO spawnerr: can't find command '/usr/sbin/php8.2-fpm'
2024-05-27 13:06:27,726 INFO gave up: php-fpm entered FATAL state, too many start retries too quickly
2024-05-27 13:37:36,941 WARN received SIGTERM indicating exit request
2024-05-27 13:37:36,942 INFO waiting for nginx to die
2024-05-27 13:37:37,948 INFO stopped: nginx (exit status 0)
2024-05-27 13:39:59,804 CRIT Supervisor is running as root.  Privileges were not dropped because no user is specified in the config file.  If you intend to run as root, you can set user=root in the config file to avoid this message.
2024-05-27 13:39:59,808 INFO supervisord started with pid 1
2024-05-27 13:40:00,812 INFO spawned: 'nginx' with pid 8
2024-05-27 13:40:00,814 INFO spawnerr: can't find command '/usr/sbin/php8.2-fpm'
2024-05-27 13:40:01,875 INFO success: nginx entered RUNNING state, process has stayed up for > than 1 seconds (startsecs)
2024-05-27 13:40:01,876 INFO spawnerr: can't find command '/usr/sbin/php8.2-fpm'
2024-05-27 13:40:03,881 INFO spawnerr: can't find command '/usr/sbin/php8.2-fpm'
2024-05-27 13:40:06,886 INFO spawnerr: can't find command '/usr/sbin/php8.2-fpm'
2024-05-27 13:40:06,887 INFO gave up: php-fpm entered FATAL state, too many start retries too quickly
2024-05-27 13:40:06,887 WARN received SIGTERM indicating exit request
2024-05-27 13:40:06,887 INFO waiting for nginx to die
2024-05-27 13:40:07,907 INFO stopped: nginx (exit status 0)
2024-05-27 13:40:13,400 CRIT Supervisor is running as root.  Privileges were not dropped because no user is specified in the config file.  If you intend to run as root, you can set user=root in the config file to avoid this message.
2024-05-27 13:40:13,403 INFO supervisord started with pid 1
2024-05-27 13:40:14,405 INFO spawned: 'nginx' with pid 8
2024-05-27 13:40:14,406 INFO spawnerr: can't find command '/usr/sbin/php8.2-fpm'
2024-05-27 13:40:15,415 INFO success: nginx entered RUNNING state, process has stayed up for > than 1 seconds (startsecs)
2024-05-27 13:40:15,416 INFO spawnerr: can't find command '/usr/sbin/php8.2-fpm'
2024-05-27 13:40:17,418 INFO spawnerr: can't find command '/usr/sbin/php8.2-fpm'
2024-05-27 13:40:20,422 INFO spawnerr: can't find command '/usr/sbin/php8.2-fpm'
2024-05-27 13:40:20,423 INFO gave up: php-fpm entered FATAL state, too many start retries too quickly
2024-05-28 06:36:05,199 CRIT Supervisor is running as root.  Privileges were not dropped because no user is specified in the config file.  If you intend to run as root, you can set user=root in the config file to avoid this message.
2024-05-28 06:36:05,204 INFO supervisord started with pid 1
2024-05-28 06:36:06,206 INFO spawned: 'nginx' with pid 8
2024-05-28 06:36:06,207 INFO spawnerr: can't find command '/usr/sbin/php8.2-fpm'
2024-05-28 06:36:07,269 INFO success: nginx entered RUNNING state, process has stayed up for > than 1 seconds (startsecs)
2024-05-28 06:36:07,269 INFO spawnerr: can't find command '/usr/sbin/php8.2-fpm'
2024-05-28 06:36:09,272 INFO spawnerr: can't find command '/usr/sbin/php8.2-fpm'
2024-05-28 06:36:12,276 INFO spawnerr: can't find command '/usr/sbin/php8.2-fpm'
2024-05-28 06:36:12,276 INFO gave up: php-fpm entered FATAL state, too many start retries too quickly
2024-05-29 13:07:48,415 CRIT Supervisor is running as root.  Privileges were not dropped because no user is specified in the config file.  If you intend to run as root, you can set user=root in the config file to avoid this message.
2024-05-29 13:07:48,432 INFO supervisord started with pid 1
2024-05-29 13:07:49,435 INFO spawned: 'nginx' with pid 8
2024-05-29 13:07:49,436 INFO spawnerr: can't find command '/usr/sbin/php8.2-fpm'
2024-05-29 13:07:50,487 INFO success: nginx entered RUNNING state, process has stayed up for > than 1 seconds (startsecs)
2024-05-29 13:07:50,488 INFO spawnerr: can't find command '/usr/sbin/php8.2-fpm'
2024-05-29 13:07:52,490 INFO spawnerr: can't find command '/usr/sbin/php8.2-fpm'
2024-05-29 13:07:55,494 INFO spawnerr: can't find command '/usr/sbin/php8.2-fpm'
2024-05-29 13:07:55,494 INFO gave up: php-fpm entered FATAL state, too many start retries too quickly
2024-05-29 14:06:57,375 WARN received SIGTERM indicating exit request
2024-05-29 14:06:57,376 INFO waiting for nginx to die
2024-05-29 14:06:58,380 INFO stopped: nginx (exit status 0)
2024-05-30 05:51:57,818 CRIT Supervisor is running as root.  Privileges were not dropped because no user is specified in the config file.  If you intend to run as root, you can set user=root in the config file to avoid this message.
2024-05-30 05:51:57,821 INFO supervisord started with pid 1
2024-05-30 05:51:58,823 INFO spawned: 'nginx' with pid 8
2024-05-30 05:51:58,824 INFO spawnerr: can't find command '/usr/sbin/php8.2-fpm'
2024-05-30 05:51:59,866 INFO success: nginx entered RUNNING state, process has stayed up for > than 1 seconds (startsecs)
2024-05-30 05:51:59,867 INFO spawnerr: can't find command '/usr/sbin/php8.2-fpm'
2024-05-30 05:52:01,869 INFO spawnerr: can't find command '/usr/sbin/php8.2-fpm'
2024-05-30 05:52:04,873 INFO spawnerr: can't find command '/usr/sbin/php8.2-fpm'
2024-05-30 05:52:04,874 INFO gave up: php-fpm entered FATAL state, too many start retries too quickly
2024-05-30 06:36:43,034 WARN received SIGTERM indicating exit request
2024-05-30 06:36:43,034 INFO waiting for nginx to die
2024-05-30 06:36:44,041 INFO stopped: nginx (exit status 0)
2024-05-30 08:37:14,279 CRIT Supervisor is running as root.  Privileges were not dropped because no user is specified in the config file.  If you intend to run as root, you can set user=root in the config file to avoid this message.
2024-05-30 08:37:14,282 INFO supervisord started with pid 1
2024-05-30 08:37:15,285 INFO spawned: 'nginx' with pid 8
2024-05-30 08:37:15,285 INFO spawnerr: can't find command '/usr/sbin/php8.2-fpm'
2024-05-30 08:37:16,298 INFO success: nginx entered RUNNING state, process has stayed up for > than 1 seconds (startsecs)
2024-05-30 08:37:16,307 INFO spawnerr: can't find command '/usr/sbin/php8.2-fpm'
2024-05-30 08:37:18,310 INFO spawnerr: can't find command '/usr/sbin/php8.2-fpm'
2024-05-30 08:37:21,315 INFO spawnerr: can't find command '/usr/sbin/php8.2-fpm'
2024-05-30 08:37:21,316 INFO gave up: php-fpm entered FATAL state, too many start retries too quickly
2024-05-30 10:04:42,739 WARN received SIGTERM indicating exit request
2024-05-30 10:04:42,741 INFO waiting for nginx to die
2024-05-30 10:04:43,755 INFO stopped: nginx (exit status 0)
2024-06-02 05:48:07,270 CRIT Supervisor is running as root.  Privileges were not dropped because no user is specified in the config file.  If you intend to run as root, you can set user=root in the config file to avoid this message.
2024-06-02 05:48:07,274 INFO supervisord started with pid 1
2024-06-02 05:48:08,278 INFO spawned: 'nginx' with pid 8
2024-06-02 05:48:08,279 INFO spawnerr: can't find command '/usr/sbin/php8.2-fpm'
2024-06-02 05:48:09,335 INFO success: nginx entered RUNNING state, process has stayed up for > than 1 seconds (startsecs)
2024-06-02 05:48:09,337 INFO spawnerr: can't find command '/usr/sbin/php8.2-fpm'
2024-06-02 05:48:11,339 INFO spawnerr: can't find command '/usr/sbin/php8.2-fpm'
2024-06-02 05:48:14,344 INFO spawnerr: can't find command '/usr/sbin/php8.2-fpm'
2024-06-02 05:48:14,344 INFO gave up: php-fpm entered FATAL state, too many start retries too quickly
2024-06-02 08:40:05,074 CRIT Supervisor is running as root.  Privileges were not dropped because no user is specified in the config file.  If you intend to run as root, you can set user=root in the config file to avoid this message.
2024-06-02 08:40:05,080 INFO supervisord started with pid 1
2024-06-02 08:40:06,082 INFO spawned: 'nginx' with pid 8
2024-06-02 08:40:06,082 INFO spawnerr: can't find command '/usr/sbin/php8.2-fpm'
2024-06-02 08:40:07,127 INFO success: nginx entered RUNNING state, process has stayed up for > than 1 seconds (startsecs)
2024-06-02 08:40:07,128 INFO spawnerr: can't find command '/usr/sbin/php8.2-fpm'
2024-06-02 08:40:09,130 INFO spawnerr: can't find command '/usr/sbin/php8.2-fpm'
2024-06-02 08:40:12,134 INFO spawnerr: can't find command '/usr/sbin/php8.2-fpm'
2024-06-02 08:40:12,135 INFO gave up: php-fpm entered FATAL state, too many start retries too quickly
2024-06-02 13:05:59,366 CRIT Supervisor is running as root.  Privileges were not dropped because no user is specified in the config file.  If you intend to run as root, you can set user=root in the config file to avoid this message.
2024-06-02 13:05:59,372 INFO supervisord started with pid 1
2024-06-02 13:06:00,374 INFO spawned: 'nginx' with pid 8
2024-06-02 13:06:00,375 INFO spawnerr: can't find command '/usr/sbin/php8.2-fpm'
2024-06-02 13:06:01,440 INFO success: nginx entered RUNNING state, process has stayed up for > than 1 seconds (startsecs)
2024-06-02 13:06:01,441 INFO spawnerr: can't find command '/usr/sbin/php8.2-fpm'
2024-06-02 13:06:03,444 INFO spawnerr: can't find command '/usr/sbin/php8.2-fpm'
2024-06-02 13:06:06,448 INFO spawnerr: can't find command '/usr/sbin/php8.2-fpm'
2024-06-02 13:06:06,448 INFO gave up: php-fpm entered FATAL state, too many start retries too quickly
2024-06-02 13:32:04,271 WARN received SIGTERM indicating exit request
2024-06-02 13:32:04,272 INFO waiting for nginx to die
2024-06-02 13:32:05,289 INFO stopped: nginx (exit status 0)
2024-06-04 06:23:23,035 CRIT Supervisor is running as root.  Privileges were not dropped because no user is specified in the config file.  If you intend to run as root, you can set user=root in the config file to avoid this message.
2024-06-04 06:23:23,039 INFO supervisord started with pid 1
2024-06-04 06:23:24,045 INFO spawned: 'nginx' with pid 8
2024-06-04 06:23:24,048 INFO spawnerr: can't find command '/usr/sbin/php8.2-fpm'
2024-06-04 06:23:25,100 INFO success: nginx entered RUNNING state, process has stayed up for > than 1 seconds (startsecs)
2024-06-04 06:23:25,103 INFO spawnerr: can't find command '/usr/sbin/php8.2-fpm'
2024-06-04 06:23:27,106 INFO spawnerr: can't find command '/usr/sbin/php8.2-fpm'
2024-06-04 06:23:30,112 INFO spawnerr: can't find command '/usr/sbin/php8.2-fpm'
2024-06-04 06:23:30,114 INFO gave up: php-fpm entered FATAL state, too many start retries too quickly
2024-06-04 07:04:28,180 WARN received SIGTERM indicating exit request
2024-06-04 07:04:28,180 INFO waiting for nginx to die
2024-06-04 07:04:29,187 INFO stopped: nginx (exit status 0)
2024-06-04 07:04:29,835 CRIT Supervisor is running as root.  Privileges were not dropped because no user is specified in the config file.  If you intend to run as root, you can set user=root in the config file to avoid this message.
2024-06-04 07:04:29,838 INFO supervisord started with pid 1
2024-06-04 07:04:30,840 INFO spawned: 'nginx' with pid 8
2024-06-04 07:04:30,840 INFO spawnerr: can't find command '/usr/sbin/php8.2-fpm'
2024-06-04 07:04:31,847 INFO success: nginx entered RUNNING state, process has stayed up for > than 1 seconds (startsecs)
2024-06-04 07:04:31,848 INFO spawnerr: can't find command '/usr/sbin/php8.2-fpm'
2024-06-04 07:04:33,851 INFO spawnerr: can't find command '/usr/sbin/php8.2-fpm'
2024-06-04 07:04:36,853 INFO spawnerr: can't find command '/usr/sbin/php8.2-fpm'
2024-06-04 07:04:36,853 INFO gave up: php-fpm entered FATAL state, too many start retries too quickly
2024-06-04 07:05:52,948 INFO reaped unknown pid 44
2024-06-04 07:11:22,362 INFO reaped unknown pid 69
2024-06-04 07:12:27,440 INFO reaped unknown pid 108
2024-06-04 08:42:50,416 CRIT Supervisor is running as root.  Privileges were not dropped because no user is specified in the config file.  If you intend to run as root, you can set user=root in the config file to avoid this message.
2024-06-04 08:42:50,421 INFO supervisord started with pid 1
2024-06-04 08:42:51,423 INFO spawned: 'nginx' with pid 8
2024-06-04 08:42:51,423 INFO spawnerr: can't find command '/usr/sbin/php8.2-fpm'
2024-06-04 08:42:52,466 INFO success: nginx entered RUNNING state, process has stayed up for > than 1 seconds (startsecs)
2024-06-04 08:42:52,468 INFO spawnerr: can't find command '/usr/sbin/php8.2-fpm'
2024-06-04 08:42:54,471 INFO spawnerr: can't find command '/usr/sbin/php8.2-fpm'
2024-06-04 08:42:57,475 INFO spawnerr: can't find command '/usr/sbin/php8.2-fpm'
2024-06-04 08:42:57,476 INFO gave up: php-fpm entered FATAL state, too many start retries too quickly
2024-06-04 08:53:36,235 INFO reaped unknown pid 46
2024-06-04 09:17:16,944 INFO reaped unknown pid 84
2024-06-04 09:42:04,751 INFO reaped unknown pid 288
2024-06-04 13:07:41,074 CRIT Supervisor is running as root.  Privileges were not dropped because no user is specified in the config file.  If you intend to run as root, you can set user=root in the config file to avoid this message.
2024-06-04 13:07:41,078 INFO supervisord started with pid 1
2024-06-04 13:07:42,080 INFO spawned: 'nginx' with pid 8
2024-06-04 13:07:42,080 INFO spawnerr: can't find command '/usr/sbin/php8.2-fpm'
2024-06-04 13:07:43,121 INFO success: nginx entered RUNNING state, process has stayed up for > than 1 seconds (startsecs)
2024-06-04 13:07:43,122 INFO spawnerr: can't find command '/usr/sbin/php8.2-fpm'
2024-06-04 13:07:45,125 INFO spawnerr: can't find command '/usr/sbin/php8.2-fpm'
2024-06-04 13:07:48,129 INFO spawnerr: can't find command '/usr/sbin/php8.2-fpm'
2024-06-04 13:07:48,129 INFO gave up: php-fpm entered FATAL state, too many start retries too quickly
2024-06-04 13:54:13,460 INFO reaped unknown pid 75
2024-06-05 05:16:45,154 CRIT Supervisor is running as root.  Privileges were not dropped because no user is specified in the config file.  If you intend to run as root, you can set user=root in the config file to avoid this message.
2024-06-05 05:16:45,158 INFO supervisord started with pid 1
2024-06-05 05:16:46,160 INFO spawned: 'nginx' with pid 8
2024-06-05 05:16:46,161 INFO spawnerr: can't find command '/usr/sbin/php8.2-fpm'
2024-06-05 05:16:47,203 INFO success: nginx entered RUNNING state, process has stayed up for > than 1 seconds (startsecs)
2024-06-05 05:16:47,205 INFO spawnerr: can't find command '/usr/sbin/php8.2-fpm'
2024-06-05 05:16:49,209 INFO spawnerr: can't find command '/usr/sbin/php8.2-fpm'
2024-06-05 05:16:52,213 INFO spawnerr: can't find command '/usr/sbin/php8.2-fpm'
2024-06-05 05:16:52,214 INFO gave up: php-fpm entered FATAL state, too many start retries too quickly
2024-06-05 06:44:51,505 INFO reaped unknown pid 81
2024-06-05 06:50:19,899 INFO reaped unknown pid 109
2024-06-05 06:55:10,241 INFO reaped unknown pid 158
2024-06-05 06:55:55,294 INFO reaped unknown pid 177
2024-06-05 08:22:33,736 INFO reaped unknown pid 219
2024-06-05 13:07:27,217 CRIT Supervisor is running as root.  Privileges were not dropped because no user is specified in the config file.  If you intend to run as root, you can set user=root in the config file to avoid this message.
2024-06-05 13:07:27,221 INFO supervisord started with pid 1
2024-06-05 13:07:28,223 INFO spawned: 'nginx' with pid 8
2024-06-05 13:07:28,223 INFO spawnerr: can't find command '/usr/sbin/php8.2-fpm'
2024-06-05 13:07:29,273 INFO success: nginx entered RUNNING state, process has stayed up for > than 1 seconds (startsecs)
2024-06-05 13:07:29,273 INFO spawnerr: can't find command '/usr/sbin/php8.2-fpm'
2024-06-05 13:07:31,276 INFO spawnerr: can't find command '/usr/sbin/php8.2-fpm'
2024-06-05 13:07:34,279 INFO spawnerr: can't find command '/usr/sbin/php8.2-fpm'
2024-06-05 13:07:34,280 INFO gave up: php-fpm entered FATAL state, too many start retries too quickly
2024-06-05 19:22:34,876 CRIT Supervisor is running as root.  Privileges were not dropped because no user is specified in the config file.  If you intend to run as root, you can set user=root in the config file to avoid this message.
2024-06-05 19:22:34,880 INFO supervisord started with pid 1
2024-06-05 19:22:35,882 INFO spawned: 'nginx' with pid 8
2024-06-05 19:22:35,883 INFO spawnerr: can't find command '/usr/sbin/php8.2-fpm'
2024-06-05 19:22:36,959 INFO success: nginx entered RUNNING state, process has stayed up for > than 1 seconds (startsecs)
2024-06-05 19:22:36,959 INFO spawnerr: can't find command '/usr/sbin/php8.2-fpm'
2024-06-05 19:22:38,962 INFO spawnerr: can't find command '/usr/sbin/php8.2-fpm'
2024-06-05 19:22:41,966 INFO spawnerr: can't find command '/usr/sbin/php8.2-fpm'
2024-06-05 19:22:41,966 INFO gave up: php-fpm entered FATAL state, too many start retries too quickly
2024-06-05 19:47:02,650 INFO reaped unknown pid 82
2024-06-05 20:02:33,754 INFO reaped unknown pid 142
2024-06-05 20:04:01,859 INFO reaped unknown pid 184
2024-06-05 20:09:24,243 INFO reaped unknown pid 211
2024-06-05 20:22:22,185 INFO reaped unknown pid 263
